  gamefonttool.c
..\..\src\gamefonttool.c(188): warning C4244: '=': conversion from 'int' to 'float', possible loss of data
..\..\src\gamefonttool.c(189): warning C4244: '=': conversion from 'int' to 'float', possible loss of data
..\..\src\gamefonttool.c(276): warning C4244: '=': conversion from 'double' to 'int', possible loss of data
..\..\src\gamefonttool.c(421): warning C4244: 'function': conversion from 'float' to 'FT_UInt', possible loss of data
..\..\src\gamefonttool.c(546): warning C4244: '=': conversion from 'int' to 'float', possible loss of data
..\..\src\gamefonttool.c(510): warning C4996: 'fopen': This function or variable may be unsafe. Consider using fopen_s instead. To disable deprecation, use _CRT_SECURE_NO_WARNINGS. See online help for details.
  C:\Program Files (x86)\Windows Kits\10\Include\10.0.10240.0\ucrt\stdio.h(205): note: see declaration of 'fopen'
..\..\src\gamefonttool.c(601): warning C4996: 'strcpy': This function or variable may be unsafe. Consider using strcpy_s instead. To disable deprecation, use _CRT_SECURE_NO_WARNINGS. See online help for details.
..\..\src\gamefonttool.c(606): warning C4244: '=': conversion from 'float' to 'int', possible loss of data
..\..\src\gamefonttool.c(594): warning C4996: 'fopen': This function or variable may be unsafe. Consider using fopen_s instead. To disable deprecation, use _CRT_SECURE_NO_WARNINGS. See online help for details.
  C:\Program Files (x86)\Windows Kits\10\Include\10.0.10240.0\ucrt\stdio.h(205): note: see declaration of 'fopen'
..\..\src\gamefonttool.c(801): warning C4244: '=': conversion from 'float' to 'int', possible loss of data
..\..\src\gamefonttool.c(848): warning C4244: '=': conversion from 'float' to 'int', possible loss of data
     Creating library ../../lib/libgamefonttool.lib and object ../../lib/libgamefonttool.exp
  Generating code
  2 of 27 functions ( 7.4%) were compiled, the rest were copied from previous compilation.
    0 functions were new in current compilation
    0 functions had inline decision re-evaluated but remain unchanged
  Finished generating code
  GameFontTool.vcxproj -> C:\GameFontTool\vc_projects\GameFontTool\../../bin/libgamefonttool.dll
