  gamefonttool.c
c:\gamefonttool\src\gamefonttool.c(186): warning C4244: '=': conversion from 'int' to 'float', possible loss of data
c:\gamefonttool\src\gamefonttool.c(187): warning C4244: '=': conversion from 'int' to 'float', possible loss of data
c:\gamefonttool\src\gamefonttool.c(274): warning C4244: '=': conversion from 'double' to 'int', possible loss of data
c:\gamefonttool\src\gamefonttool.c(417): warning C4244: 'function': conversion from 'float' to 'FT_UInt', possible loss of data
c:\gamefonttool\src\gamefonttool.c(540): warning C4244: '=': conversion from 'int' to 'float', possible loss of data
c:\gamefonttool\src\gamefonttool.c(504): warning C4996: 'fopen': This function or variable may be unsafe. Consider using fopen_s instead. To disable deprecation, use _CRT_SECURE_NO_WARNINGS. See online help for details.
  c:\program files (x86)\windows kits\10\include\10.0.10240.0\ucrt\stdio.h(205): note: see declaration of 'fopen'
c:\gamefonttool\src\gamefonttool.c(600): warning C4244: '=': conversion from 'float' to 'int', possible loss of data
c:\gamefonttool\src\gamefonttool.c(588): warning C4996: 'fopen': This function or variable may be unsafe. Consider using fopen_s instead. To disable deprecation, use _CRT_SECURE_NO_WARNINGS. See online help for details.
  c:\program files (x86)\windows kits\10\include\10.0.10240.0\ucrt\stdio.h(205): note: see declaration of 'fopen'
c:\gamefonttool\src\gamefonttool.c(595): warning C4996: 'strcpy': This function or variable may be unsafe. Consider using strcpy_s instead. To disable deprecation, use _CRT_SECURE_NO_WARNINGS. See online help for details.
  c:\program files (x86)\windows kits\10\include\10.0.10240.0\ucrt\string.h(119): note: see declaration of 'strcpy'
c:\gamefonttool\src\gamefonttool.c(795): warning C4244: '=': conversion from 'float' to 'int', possible loss of data
c:\gamefonttool\src\gamefonttool.c(842): warning C4244: '=': conversion from 'float' to 'int', possible loss of data
  sample.c
c:\gamefonttool\samples\sample.c(157): warning C4244: 'function': conversion from 'int' to 'GLfloat', possible loss of data
c:\gamefonttool\samples\sample.c(160): warning C4244: 'function': conversion from 'int' to 'GLfloat', possible loss of data
c:\gamefonttool\samples\sample.c(163): warning C4244: 'function': conversion from 'int' to 'GLfloat', possible loss of data
c:\gamefonttool\samples\sample.c(166): warning C4244: 'function': conversion from 'int' to 'GLfloat', possible loss of data
c:\gamefonttool\samples\sample.c(194): warning C4244: 'function': conversion from 'int' to 'GLfloat', possible loss of data
c:\gamefonttool\samples\sample.c(197): warning C4244: 'function': conversion from 'int' to 'GLfloat', possible loss of data
c:\gamefonttool\samples\sample.c(200): warning C4244: 'function': conversion from 'int' to 'GLfloat', possible loss of data
c:\gamefonttool\samples\sample.c(203): warning C4244: 'function': conversion from 'int' to 'GLfloat', possible loss of data
c:\gamefonttool\samples\sample.c(255): warning C4305: 'function': truncation from 'double' to 'GLclampf'
  Generating Code...
  GameFontTool.vcxproj -> C:\GameFontTool\vc_projects\GameFontTool\../../samples/sample_vc.exe
